2023-07-27T17:47:08.385+05:30  INFO 10232 --- [restartedMain] com.Youtube.YoutubeApplication           : Starting YoutubeApplication using Java 17.0.6 with PID 10232 (C:\Users\USER\Desktop\Youtube\Youtube\target\classes started by USER in C:\Users\USER\Desktop\Youtube\Youtube)
2023-07-27T17:47:08.391+05:30  INFO 10232 --- [restartedMain] com.Youtube.YoutubeApplication           : No active profile set, falling back to 1 default profile: "default"
2023-07-27T17:47:08.435+05:30  INFO 10232 --- [restartedMain] .e.DevToolsPropertyDefaultsPostProcessor : Devtools property defaults active! Set 'spring.devtools.add-properties' to 'false' to disable
2023-07-27T17:47:08.435+05:30  INFO 10232 --- [restartedMain] .e.DevToolsPropertyDefaultsPostProcessor : For additional web related logging consider setting the 'logging.level.web' property to 'DEBUG'
2023-07-27T17:47:09.137+05:30  INFO 10232 --- [restartedMain] .s.d.r.c.RepositoryConfigurationDelegate : Bootstrapping Spring Data JPA repositories in DEFAULT mode.
2023-07-27T17:47:09.199+05:30  INFO 10232 --- [restartedMain] .s.d.r.c.RepositoryConfigurationDelegate : Finished Spring Data repository scanning in 55 ms. Found 4 JPA repository interfaces.
2023-07-27T17:47:09.710+05:30  INFO 10232 --- [restartedMain] o.s.b.w.embedded.tomcat.TomcatWebServer  : Tomcat initialized with port(s): 8080 (http)
2023-07-27T17:47:09.718+05:30  INFO 10232 --- [restartedMain] o.apache.catalina.core.StandardService   : Starting service [Tomcat]
2023-07-27T17:47:09.719+05:30  INFO 10232 --- [restartedMain] o.apache.catalina.core.StandardEngine    : Starting Servlet engine: [Apache Tomcat/10.1.11]
2023-07-27T17:47:09.779+05:30  INFO 10232 --- [restartedMain] o.a.c.c.C.[Tomcat].[localhost].[/]       : Initializing Spring embedded WebApplicationContext
2023-07-27T17:47:09.780+05:30  INFO 10232 --- [restartedMain] w.s.c.ServletWebServerApplicationContext : Root WebApplicationContext: initialization completed in 1344 ms
2023-07-27T17:47:09.900+05:30  INFO 10232 --- [restartedMain] o.hibernate.jpa.internal.util.LogHelper  : HHH000204: Processing PersistenceUnitInfo [name: default]
2023-07-27T17:47:09.954+05:30  INFO 10232 --- [restartedMain] org.hibernate.Version                    : HHH000412: Hibernate ORM core version 6.2.6.Final
2023-07-27T17:47:09.957+05:30  INFO 10232 --- [restartedMain] org.hibernate.cfg.Environment            : HHH000406: Using bytecode reflection optimizer
2023-07-27T17:47:10.074+05:30  INFO 10232 --- [restartedMain] o.h.b.i.BytecodeProviderInitiator        : HHH000021: Bytecode provider name : bytebuddy
2023-07-27T17:47:10.208+05:30  INFO 10232 --- [restartedMain] o.s.o.j.p.SpringPersistenceUnitInfo      : No LoadTimeWeaver setup: ignoring JPA class transformer
2023-07-27T17:47:10.231+05:30  INFO 10232 --- [restartedMain] com.zaxxer.hikari.HikariDataSource       : HikariPool-1 - Starting...
2023-07-27T17:47:10.574+05:30  INFO 10232 --- [restartedMain] com.zaxxer.hikari.pool.HikariPool        : HikariPool-1 - Added connection com.mysql.cj.jdbc.ConnectionImpl@46bc8960
2023-07-27T17:47:10.575+05:30  INFO 10232 --- [restartedMain] com.zaxxer.hikari.HikariDataSource       : HikariPool-1 - Start completed.
2023-07-27T17:47:11.002+05:30  INFO 10232 --- [restartedMain] o.h.b.i.BytecodeProviderInitiator        : HHH000021: Bytecode provider name : bytebuddy
2023-07-27T17:47:11.778+05:30  INFO 10232 --- [restartedMain] o.h.e.t.j.p.i.JtaPlatformInitiator       : HHH000490: Using JtaPlatform implementation: [org.hibernate.engine.transaction.jta.platform.internal.NoJtaPlatform]
2023-07-27T17:47:12.290+05:30  INFO 10232 --- [restartedMain] j.LocalContainerEntityManagerFactoryBean : Initialized JPA EntityManagerFactory for persistence unit 'default'
2023-07-27T17:47:12.609+05:30  WARN 10232 --- [restartedMain] ConfigServletWebServerApplicationContext : Exception encountered during context initialization - cancelling refresh attempt: org.springframework.beans.factory.UnsatisfiedDependencyException: Error creating bean with name 'userController': Unsatisfied dependency expressed through field 'commentService': No qualifying bean of type 'com.Youtube.Service.ICommentsService' available: expected at least 1 bean which qualifies as autowire candidate. Dependency annotations: {@org.springframework.beans.factory.annotation.Autowired(required=true)}
2023-07-27T17:47:12.609+05:30  INFO 10232 --- [restartedMain] j.LocalContainerEntityManagerFactoryBean : Closing JPA EntityManagerFactory for persistence unit 'default'
2023-07-27T17:47:12.613+05:30  INFO 10232 --- [restartedMain] com.zaxxer.hikari.HikariDataSource       : HikariPool-1 - Shutdown initiated...
2023-07-27T17:47:12.619+05:30  INFO 10232 --- [restartedMain] com.zaxxer.hikari.HikariDataSource       : HikariPool-1 - Shutdown completed.
2023-07-27T17:47:12.620+05:30  INFO 10232 --- [restartedMain] o.apache.catalina.core.StandardService   : Stopping service [Tomcat]
2023-07-27T17:47:12.629+05:30  INFO 10232 --- [restartedMain] .s.b.a.l.ConditionEvaluationReportLogger : 

Error starting ApplicationContext. To display the condition evaluation report re-run your application with 'debug' enabled.
2023-07-27T17:47:12.648+05:30 ERROR 10232 --- [restartedMain] o.s.b.d.LoggingFailureAnalysisReporter   : 

***************************
APPLICATION FAILED TO START
***************************

Description:

Field commentService in com.Youtube.Controller.UserController required a bean of type 'com.Youtube.Service.ICommentsService' that could not be found.

The injection point has the following annotations:
	- @org.springframework.beans.factory.annotation.Autowired(required=true)


Action:

Consider defining a bean of type 'com.Youtube.Service.ICommentsService' in your configuration.

2023-07-27T17:47:46.932+05:30  INFO 16552 --- [restartedMain] com.Youtube.YoutubeApplication           : Starting YoutubeApplication using Java 17.0.6 with PID 16552 (C:\Users\USER\Desktop\Youtube\Youtube\target\classes started by USER in C:\Users\USER\Desktop\Youtube\Youtube)
2023-07-27T17:47:46.934+05:30  INFO 16552 --- [restartedMain] com.Youtube.YoutubeApplication           : No active profile set, falling back to 1 default profile: "default"
2023-07-27T17:47:46.975+05:30  INFO 16552 --- [restartedMain] .e.DevToolsPropertyDefaultsPostProcessor : Devtools property defaults active! Set 'spring.devtools.add-properties' to 'false' to disable
2023-07-27T17:47:46.975+05:30  INFO 16552 --- [restartedMain] .e.DevToolsPropertyDefaultsPostProcessor : For additional web related logging consider setting the 'logging.level.web' property to 'DEBUG'
2023-07-27T17:47:47.492+05:30  INFO 16552 --- [restartedMain] .s.d.r.c.RepositoryConfigurationDelegate : Bootstrapping Spring Data JPA repositories in DEFAULT mode.
2023-07-27T17:47:47.541+05:30  INFO 16552 --- [restartedMain] .s.d.r.c.RepositoryConfigurationDelegate : Finished Spring Data repository scanning in 42 ms. Found 4 JPA repository interfaces.
2023-07-27T17:47:47.925+05:30  INFO 16552 --- [restartedMain] o.s.b.w.embedded.tomcat.TomcatWebServer  : Tomcat initialized with port(s): 8080 (http)
2023-07-27T17:47:47.932+05:30  INFO 16552 --- [restartedMain] o.apache.catalina.core.StandardService   : Starting service [Tomcat]
2023-07-27T17:47:47.933+05:30  INFO 16552 --- [restartedMain] o.apache.catalina.core.StandardEngine    : Starting Servlet engine: [Apache Tomcat/10.1.11]
2023-07-27T17:47:47.981+05:30  INFO 16552 --- [restartedMain] o.a.c.c.C.[Tomcat].[localhost].[/]       : Initializing Spring embedded WebApplicationContext
2023-07-27T17:47:47.981+05:30  INFO 16552 --- [restartedMain] w.s.c.ServletWebServerApplicationContext : Root WebApplicationContext: initialization completed in 1006 ms
2023-07-27T17:47:48.084+05:30  INFO 16552 --- [restartedMain] o.hibernate.jpa.internal.util.LogHelper  : HHH000204: Processing PersistenceUnitInfo [name: default]
2023-07-27T17:47:48.122+05:30  INFO 16552 --- [restartedMain] org.hibernate.Version                    : HHH000412: Hibernate ORM core version 6.2.6.Final
2023-07-27T17:47:48.124+05:30  INFO 16552 --- [restartedMain] org.hibernate.cfg.Environment            : HHH000406: Using bytecode reflection optimizer
2023-07-27T17:47:48.229+05:30  INFO 16552 --- [restartedMain] o.h.b.i.BytecodeProviderInitiator        : HHH000021: Bytecode provider name : bytebuddy
2023-07-27T17:47:48.319+05:30  INFO 16552 --- [restartedMain] o.s.o.j.p.SpringPersistenceUnitInfo      : No LoadTimeWeaver setup: ignoring JPA class transformer
2023-07-27T17:47:48.332+05:30  INFO 16552 --- [restartedMain] com.zaxxer.hikari.HikariDataSource       : HikariPool-1 - Starting...
2023-07-27T17:47:48.557+05:30  INFO 16552 --- [restartedMain] com.zaxxer.hikari.pool.HikariPool        : HikariPool-1 - Added connection com.mysql.cj.jdbc.ConnectionImpl@473d1845
2023-07-27T17:47:48.559+05:30  INFO 16552 --- [restartedMain] com.zaxxer.hikari.HikariDataSource       : HikariPool-1 - Start completed.
2023-07-27T17:47:48.809+05:30  INFO 16552 --- [restartedMain] o.h.b.i.BytecodeProviderInitiator        : HHH000021: Bytecode provider name : bytebuddy
2023-07-27T17:47:49.383+05:30  INFO 16552 --- [restartedMain] o.h.e.t.j.p.i.JtaPlatformInitiator       : HHH000490: Using JtaPlatform implementation: [org.hibernate.engine.transaction.jta.platform.internal.NoJtaPlatform]
2023-07-27T17:47:49.526+05:30  INFO 16552 --- [restartedMain] j.LocalContainerEntityManagerFactoryBean : Initialized JPA EntityManagerFactory for persistence unit 'default'
2023-07-27T17:47:50.133+05:30  WARN 16552 --- [restartedMain] JpaBaseConfiguration$JpaWebConfiguration : spring.jpa.open-in-view is enabled by default. Therefore, database queries may be performed during view rendering. Explicitly configure spring.jpa.open-in-view to disable this warning
2023-07-27T17:47:50.376+05:30  INFO 16552 --- [restartedMain] o.s.b.d.a.OptionalLiveReloadServer       : LiveReload server is running on port 35729
2023-07-27T17:47:50.420+05:30  INFO 16552 --- [restartedMain] o.s.b.w.embedded.tomcat.TomcatWebServer  : Tomcat started on port(s): 8080 (http) with context path ''
2023-07-27T17:47:50.427+05:30  INFO 16552 --- [restartedMain] com.Youtube.YoutubeApplication           : Started YoutubeApplication in 3.771 seconds (process running for 4.428)
